<?xml version="1.0" encoding="UTF-8"?>
<testsuite xmlns:xsi="http://www.w3.org/2001/XMLSchema-instance" xsi:noNamespaceSchemaLocation="https://maven.apache.org/surefire/maven-surefire-plugin/xsd/surefire-test-report-3.0.xsd" version="3.0" name="com.example.capstone.pizza_delivery_service.CustomerIntegrationTest" time="1.912" tests="1" errors="0" skipped="0" failures="0">
  <properties>
[...]
</properties>
  <testcase name="testAddCustomer" classname="com.example.capstone.pizza_delivery_service.CustomerIntegrationTest" time="0.499">
    <system-out><![CDATA[2023-06-07T16:44:47.542+06:00  INFO 240 --- [           main] t.c.s.AnnotationConfigContextLoaderUtils : Could not detect default configuration classes for test class [com.example.capstone.pizza_delivery_service.CustomerIntegrationTest]: CustomerIntegrationTest does not declare any static, non-private, non-final, nested classes annotated with @Configuration.
2023-06-07T16:44:47.547+06:00  INFO 240 --- [           main] .b.t.c.SpringBootTestContextBootstrapper : Found @SpringBootConfiguration com.example.capstone.pizza_delivery_service.PizzaDeliveryServiceApplication for test class com.example.capstone.pizza_delivery_service.CustomerIntegrationTest

  .   ____          _            __ _ _
 /\\ / ___'_ __ _ _(_)_ __  __ _ \ \ \ \
( ( )\___ | '_ | '_| | '_ \/ _` | \ \ \ \
 \\/  ___)| |_)| | | | | || (_| |  ) ) ) )
  '  |____| .__|_| |_|_| |_\__, | / / / /
 =========|_|==============|___/=/_/_/_/
 :: Spring Boot ::       (v3.1.1-SNAPSHOT)

2023-06-07T16:44:47.593+06:00  INFO 240 --- [           main] c.e.c.p.CustomerIntegrationTest          : Starting CustomerIntegrationTest using Java 19.0.1 with PID 240 (started by magzh in C:\Epam Projects\capstoneproject)
2023-06-07T16:44:47.593+06:00  INFO 240 --- [           main] c.e.c.p.CustomerIntegrationTest          : No active profile set, falling back to 1 default profile: "default"
2023-06-07T16:44:47.595+06:00 DEBUG 240 --- [           main] o.s.w.c.s.GenericWebApplicationContext   : Refreshing org.springframework.web.context.support.GenericWebApplicationContext@3ad142f0
2023-06-07T16:44:47.908+06:00  INFO 240 --- [           main] .s.d.r.c.RepositoryConfigurationDelegate : Bootstrapping Spring Data JPA repositories in DEFAULT mode.
2023-06-07T16:44:47.941+06:00  INFO 240 --- [           main] .s.d.r.c.RepositoryConfigurationDelegate : Finished Spring Data repository scanning in 32 ms. Found 10 JPA repository interfaces.
2023-06-07T16:44:48.082+06:00  INFO 240 --- [           main] com.zaxxer.hikari.HikariDataSource       : HikariPool-2 - Starting...
2023-06-07T16:44:48.163+06:00  INFO 240 --- [           main] com.zaxxer.hikari.pool.HikariPool        : HikariPool-2 - Added connection org.postgresql.jdbc.PgConnection@50ba10de
2023-06-07T16:44:48.163+06:00  INFO 240 --- [           main] com.zaxxer.hikari.HikariDataSource       : HikariPool-2 - Start completed.
2023-06-07T16:44:48.164+06:00  INFO 240 --- [           main] o.hibernate.jpa.internal.util.LogHelper  : HHH000204: Processing PersistenceUnitInfo [name: default]
2023-06-07T16:44:48.176+06:00  INFO 240 --- [           main] o.h.b.i.BytecodeProviderInitiator        : HHH000021: Bytecode provider name : bytebuddy
2023-06-07T16:44:48.177+06:00  INFO 240 --- [           main] o.s.o.j.p.SpringPersistenceUnitInfo      : No LoadTimeWeaver setup: ignoring JPA class transformer
2023-06-07T16:44:48.192+06:00  INFO 240 --- [           main] org.hibernate.orm.dialect                : HHH035001: Using dialect: org.hibernate.dialect.PostgreSQLDialect, version: org.hibernate.engine.jdbc.env.internal.JdbcEnvironmentInitiator$DialectResolutionInfoImpl@64d128d0
2023-06-07T16:44:48.233+06:00  INFO 240 --- [           main] o.h.b.i.BytecodeProviderInitiator        : HHH000021: Bytecode provider name : bytebuddy
2023-06-07T16:44:48.421+06:00  INFO 240 --- [           main] o.h.e.t.j.p.i.JtaPlatformInitiator       : HHH000490: Using JtaPlatform implementation: [org.hibernate.engine.transaction.jta.platform.internal.NoJtaPlatform]
2023-06-07T16:44:48.421+06:00  INFO 240 --- [           main] j.LocalContainerEntityManagerFactoryBean : Initialized JPA EntityManagerFactory for persistence unit 'default'
2023-06-07T16:44:48.622+06:00  INFO 240 --- [           main] c.e.c.p.controller.Controller            : ****************** Pizza images updated ************
2023-06-07T16:44:48.711+06:00  WARN 240 --- [           main] JpaBaseConfiguration$JpaWebConfiguration : spring.jpa.open-in-view is enabled by default. Therefore, database queries may be performed during view rendering. Explicitly configure spring.jpa.open-in-view to disable this warning
2023-06-07T16:44:48.737+06:00  INFO 240 --- [           main] o.s.b.a.w.s.WelcomePageHandlerMapping    : Adding welcome page template: index
2023-06-07T16:44:48.757+06:00 DEBUG 240 --- [           main] s.w.s.m.m.a.RequestMappingHandlerMapping : 12 mappings in 'requestMappingHandlerMapping'
2023-06-07T16:44:48.799+06:00 DEBUG 240 --- [           main] o.s.w.s.handler.SimpleUrlHandlerMapping  : Patterns [/webjars/**, /**] in 'resourceHandlerMapping'
2023-06-07T16:44:48.810+06:00  INFO 240 --- [           main] o.s.s.web.DefaultSecurityFilterChain     : Will secure any request with [org.springframework.security.web.session.DisableEncodeUrlFilter@43edd4e0, org.springframework.security.web.context.request.async.WebAsyncManagerIntegrationFilter@72a4f3f, org.springframework.security.web.context.SecurityContextHolderFilter@14b53f58, org.springframework.security.web.header.HeaderWriterFilter@8872669, org.springframework.security.web.csrf.CsrfFilter@545bc8e1, org.springframework.security.web.authentication.logout.LogoutFilter@75abbb61, org.springframework.security.web.authentication.UsernamePasswordAuthenticationFilter@6b351a54, org.springframework.security.web.savedrequest.RequestCacheAwareFilter@1e23e1ef, org.springframework.security.web.servletapi.SecurityContextHolderAwareRequestFilter@79dcd7f1, org.springframework.security.web.authentication.AnonymousAuthenticationFilter@3dfef314, org.springframework.security.web.access.ExceptionTranslationFilter@5f3705e7, org.springframework.security.web.access.intercept.AuthorizationFilter@6bfa228c]
2023-06-07T16:44:48.861+06:00 DEBUG 240 --- [           main] s.w.s.m.m.a.RequestMappingHandlerAdapter : ControllerAdvice beans: 0 @ModelAttribute, 0 @InitBinder, 1 RequestBodyAdvice, 1 ResponseBodyAdvice
2023-06-07T16:44:48.869+06:00 DEBUG 240 --- [           main] .m.m.a.ExceptionHandlerExceptionResolver : ControllerAdvice beans: 0 @ExceptionHandler, 1 ResponseBodyAdvice
2023-06-07T16:44:48.944+06:00  INFO 240 --- [           main] c.e.c.p.CustomerIntegrationTest          : Started CustomerIntegrationTest in 1.391 seconds (process running for 10.451)
2023-06-07T16:44:49.343+06:00  INFO 240 --- [           main] c.e.c.p.controller.Controller            : ********************Service. Customer to DB  CustomerEntity{id=null, name='Jenny', surname='Johnson', mobile='7445566321', DOB=2023-06-07, email='jenny@email.com', homeAddress='JennysAddress', customersCredentialsEntity=com.example.capstone.pizza_delivery_service.entity.CustomersCredentialsEntity@2f229f60}***************
]]></system-out>
  </testcase>
</testsuite>